\BOOKMARK [0][-]{chapter.1}{이 문서에 대해}{}% 1
\BOOKMARK [1][-]{section.1.1}{문서 작성 경위와 목표}{chapter.1}% 2
\BOOKMARK [1][-]{section.1.2}{추천 도서 및 문서}{chapter.1}% 3
\BOOKMARK [1][-]{section.1.3}{피드백}{chapter.1}% 4
\BOOKMARK [1][-]{section.1.4}{도움을 주신 분들}{chapter.1}% 5
\BOOKMARK [1][-]{section.1.5}{지식재산권 관련}{chapter.1}% 6
\BOOKMARK [0][-]{chapter.2}{통신이란 무엇인가?}{}% 7
\BOOKMARK [1][-]{section.2.1}{통신의 정의}{chapter.2}% 8
\BOOKMARK [1][-]{section.2.2}{통신의 분류}{chapter.2}% 9
\BOOKMARK [1][-]{section.2.3}{통신의 단계}{chapter.2}% 10
\BOOKMARK [0][-]{chapter.3}{기초 신호와 시스템}{}% 11
\BOOKMARK [1][-]{section.3.1}{신호}{chapter.3}% 12
\BOOKMARK [2][-]{subsection.3.1.1}{신호의 정의와 신호의 해석 관점}{section.3.1}% 13
\BOOKMARK [2][-]{subsection.3.1.2}{신호의 분류}{section.3.1}% 14
\BOOKMARK [2][-]{subsection.3.1.3}{중요한 신호들}{section.3.1}% 15
\BOOKMARK [1][-]{section.3.2}{시스템}{chapter.3}% 16
\BOOKMARK [2][-]{subsection.3.2.1}{시스템의 정의}{section.3.2}% 17
\BOOKMARK [2][-]{subsection.3.2.2}{시스템의 주요 성질}{section.3.2}% 18
\BOOKMARK [2][-]{subsection.3.2.3}{선형 시불변 시스템}{section.3.2}% 19
\BOOKMARK [1][-]{section.3.3}{시간 영역 해석}{chapter.3}% 20
\BOOKMARK [2][-]{subsection.3.3.1}{신호와 임펄스 함수}{section.3.3}% 21
\BOOKMARK [2][-]{subsection.3.3.2}{콘볼루션}{section.3.3}% 22
\BOOKMARK [2][-]{subsection.3.3.3}{콘볼루션과 LTI 시스템의 응답}{section.3.3}% 23
\BOOKMARK [2][-]{subsection.3.3.4}{콘볼루션에서 입력이 뒤집히는 이유}{section.3.3}% 24
\BOOKMARK [1][-]{section.3.4}{이산 시간 신호와 시스템에 대해}{chapter.3}% 25
\BOOKMARK [1][-]{section.3.5}{주파수 영역 해석}{chapter.3}% 26
\BOOKMARK [2][-]{subsection.3.5.1}{오일러 공식}{section.3.5}% 27
\BOOKMARK [2][-]{subsection.3.5.2}{연속 시간 주기 신호의 주파수 해석}{section.3.5}% 28
\BOOKMARK [2][-]{subsection.3.5.3}{연속 시간 비주기 신호의 주파수 해석}{section.3.5}% 29
\BOOKMARK [0][-]{chapter.4}{기초 확률변수론과 랜덤프로세스}{}% 30
\BOOKMARK [1][-]{section.4.1}{확률변수론}{chapter.4}% 31
\BOOKMARK [2][-]{subsection.4.1.1}{확률}{section.4.1}% 32
\BOOKMARK [2][-]{subsection.4.1.2}{확률변수}{section.4.1}% 33
\BOOKMARK [2][-]{subsection.4.1.3}{확률변수에 대한 연산}{section.4.1}% 34
\BOOKMARK [1][-]{section.4.2}{랜덤 프로세스}{chapter.4}% 35
\BOOKMARK [0][-]{chapter.5}{기초 아날로그 통신}{}% 36
\BOOKMARK [1][-]{section.5.1}{진폭 변조}{chapter.5}% 37
\BOOKMARK [1][-]{section.5.2}{각 변조}{chapter.5}% 38
\BOOKMARK [0][-]{chapter.6}{기초 디지털 통신}{}% 39
\BOOKMARK [1][-]{section.6.1}{아날로그-디지털 변환}{chapter.6}% 40
\BOOKMARK [1][-]{section.6.2}{디지털 변조}{chapter.6}% 41
\BOOKMARK [1][-]{section.6.3}{기저대역 통신}{chapter.6}% 42
\BOOKMARK [0][-]{chapter.7}{기초 무선공학}{}% 43
\BOOKMARK [0][-]{chapter.8}{기초 정보이론}{}% 44
\BOOKMARK [0][-]{appendix.A}{이산 시간 신호의 주파수 해석}{}% 45
\BOOKMARK [1][-]{section.A.1}{이산 시간 주기 신호의 주파수 해석}{appendix.A}% 46
\BOOKMARK [2][-]{subsection.A.1.1}{푸리에 급수 표현}{section.A.1}% 47
\BOOKMARK [2][-]{subsection.A.1.2}{푸리에 급수 해석}{section.A.1}% 48
\BOOKMARK [2][-]{subsection.A.1.3}{DTFS의 성질}{section.A.1}% 49
\BOOKMARK [2][-]{subsection.A.1.4}{Parseval의 정리}{section.A.1}% 50
\BOOKMARK [1][-]{section.A.2}{이산 시간 비주기 신호의 주파수 해석}{appendix.A}% 51
